This is XeTeX, Version 3.14159265-2.6-0.999992 (MiKTeX 20.7) (preloaded format=xelatex 2020.9.10)  22 OCT 2020 10:20
entering extended mode
**./main.tex
(main.tex
LaTeX2e <2020-02-02> patch level 5
L3 programming layer <2020-09-03>
("C:\Users\Shaokang Jiang\AppData\Local\Programs\MiKTeX 2.9\tex/latex/base\arti
cle.cls"
Document Class: article 2019/12/20 v1.4l Standard LaTeX document class

("C:\Users\Shaokang Jiang\AppData\Local\Programs\MiKTeX 2.9\tex/latex/base\size
11.clo"
File: size11.clo 2019/12/20 v1.4l Standard LaTeX file (size option)
)
\c@part=\count164
\c@section=\count165
\c@subsection=\count166
\c@subsubsection=\count167
\c@paragraph=\count168
\c@subparagraph=\count169
\c@figure=\count170
\c@table=\count171
\abovecaptionskip=\skip47
\belowcaptionskip=\skip48
\bibindent=\dimen134
)
("C:\Users\Shaokang Jiang\AppData\Local\Programs\MiKTeX 2.9\tex/latex/biblatex\
biblatex.sty"
Package: biblatex 2020/08/23 v3.15a programmable bibliographies (PK/MW)

("C:\Users\Shaokang Jiang\AppData\Local\Programs\MiKTeX 2.9\tex/generic/pdftexc
mds\pdftexcmds.sty"
Package: pdftexcmds 2020-06-27 v0.33 Utility functions of pdfTeX for LuaTeX (HO
)

("C:\Users\Shaokang Jiang\AppData\Local\Programs\MiKTeX 2.9\tex/generic/infware
rr\infwarerr.sty"
Package: infwarerr 2019/12/03 v1.5 Providing info/warning/error messages (HO)
)
("C:\Users\Shaokang Jiang\AppData\Local\Programs\MiKTeX 2.9\tex/generic/iftex\i
ftex.sty"
Package: iftex 2020/03/06 v1.0d TeX engine tests
)
("C:\Users\Shaokang Jiang\AppData\Local\Programs\MiKTeX 2.9\tex/generic/ltxcmds
\ltxcmds.sty"
Package: ltxcmds 2019/12/15 v1.24 LaTeX kernel commands for general use (HO)
)
Package pdftexcmds Info: \pdf@primitive is available.
Package pdftexcmds Info: \pdf@ifprimitive is available.
Package pdftexcmds Info: \pdfdraftmode not found.
)
("C:\Users\Shaokang Jiang\AppData\Local\Programs\MiKTeX 2.9\tex/latex/etoolbox\
etoolbox.sty"
Package: etoolbox 2020/08/24 v2.5j e-TeX tools for LaTeX (JAW)
\etb@tempcnta=\count172
)
("C:\Users\Shaokang Jiang\AppData\Local\Programs\MiKTeX 2.9\tex/latex/graphics\
keyval.sty"
Package: keyval 2014/10/28 v1.15 key=value parser (DPC)
\KV@toks@=\toks15
)
("C:\Users\Shaokang Jiang\AppData\Local\Programs\MiKTeX 2.9\tex/latex/kvoptions
\kvoptions.sty"
Package: kvoptions 2019/11/29 v3.13 Key value format for package options (HO)

("C:\Users\Shaokang Jiang\AppData\Local\Programs\MiKTeX 2.9\tex/generic/kvsetke
ys\kvsetkeys.sty"
Package: kvsetkeys 2019/12/15 v1.18 Key value parser (HO)
))
("C:\Users\Shaokang Jiang\AppData\Local\Programs\MiKTeX 2.9\tex/latex/logreq\lo
greq.sty"
Package: logreq 2010/08/04 v1.0 xml request logger
\lrq@indent=\count173

("C:\Users\Shaokang Jiang\AppData\Local\Programs\MiKTeX 2.9\tex/latex/logreq\lo
greq.def"
File: logreq.def 2010/08/04 v1.0 logreq spec v1.0
))
("C:\Users\Shaokang Jiang\AppData\Local\Programs\MiKTeX 2.9\tex/latex/base\ifth
en.sty"
Package: ifthen 2014/09/29 v1.1c Standard LaTeX ifthen package (DPC)
)
("C:\Users\Shaokang Jiang\AppData\Local\Programs\MiKTeX 2.9\tex/latex/url\url.s
ty"
\Urlmuskip=\muskip16
Package: url 2013/09/16  ver 3.4  Verb mode for urls, etc.
)
\c@tabx@nest=\count174
\c@listtotal=\count175
\c@listcount=\count176
\c@liststart=\count177
\c@liststop=\count178
\c@citecount=\count179
\c@citetotal=\count180
\c@multicitecount=\count181
\c@multicitetotal=\count182
\c@instcount=\count183
\c@maxnames=\count184
\c@minnames=\count185
\c@maxitems=\count186
\c@minitems=\count187
\c@citecounter=\count188
\c@maxcitecounter=\count189
\c@savedcitecounter=\count190
\c@uniquelist=\count191
\c@uniquename=\count192
\c@refsection=\count193
\c@refsegment=\count194
\c@maxextratitle=\count195
\c@maxextratitleyear=\count196
\c@maxextraname=\count197
\c@maxextradate=\count198
\c@maxextraalpha=\count199
\c@abbrvpenalty=\count266
\c@highnamepenalty=\count267
\c@lownamepenalty=\count268
\c@maxparens=\count269
\c@parenlevel=\count270
\blx@tempcnta=\count271
\blx@tempcntb=\count272
\blx@tempcntc=\count273
\blx@maxsection=\count274
\blx@maxsegment@0=\count275
\blx@notetype=\count276
\blx@parenlevel@text=\count277
\blx@parenlevel@foot=\count278
\blx@sectionciteorder@0=\count279
\blx@entrysetcounter=\count280
\blx@biblioinstance=\count281
\labelnumberwidth=\skip49
\labelalphawidth=\skip50
\biblabelsep=\skip51
\bibitemsep=\skip52
\bibnamesep=\skip53
\bibinitsep=\skip54
\bibparsep=\skip55
\bibhang=\skip56
\blx@bcfin=\read2
\blx@bcfout=\write3
\blx@langwohyphens=\language79
\c@mincomprange=\count282
\c@maxcomprange=\count283
\c@mincompwidth=\count284
Package biblatex Info: Trying to load biblatex default data model...
Package biblatex Info: ... file 'blx-dm.def' found.

("C:\Users\Shaokang Jiang\AppData\Local\Programs\MiKTeX 2.9\tex/latex/biblatex\
blx-dm.def"
File: blx-dm.def 2020/08/23 v3.15a biblatex localization (PK/MW)
)
Package biblatex Info: Trying to load biblatex style data model...
Package biblatex Info: ... file 'ieee.dbx' not found.
Package biblatex Info: Trying to load biblatex custom data model...
Package biblatex Info: ... file 'biblatex-dm.cfg' not found.
\c@afterword=\count285
\c@savedafterword=\count286
\c@annotator=\count287
\c@savedannotator=\count288
\c@author=\count289
\c@savedauthor=\count290
\c@bookauthor=\count291
\c@savedbookauthor=\count292
\c@commentator=\count293
\c@savedcommentator=\count294
\c@editor=\count295
\c@savededitor=\count296
\c@editora=\count297
\c@savededitora=\count298
\c@editorb=\count299
\c@savededitorb=\count300
\c@editorc=\count301
\c@savededitorc=\count302
\c@foreword=\count303
\c@savedforeword=\count304
\c@holder=\count305
\c@savedholder=\count306
\c@introduction=\count307
\c@savedintroduction=\count308
\c@namea=\count309
\c@savednamea=\count310
\c@nameb=\count311
\c@savednameb=\count312
\c@namec=\count313
\c@savednamec=\count314
\c@translator=\count315
\c@savedtranslator=\count316
\c@shortauthor=\count317
\c@savedshortauthor=\count318
\c@shorteditor=\count319
\c@savedshorteditor=\count320
\c@labelname=\count321
\c@savedlabelname=\count322
\c@institution=\count323
\c@savedinstitution=\count324
\c@lista=\count325
\c@savedlista=\count326
\c@listb=\count327
\c@savedlistb=\count328
\c@listc=\count329
\c@savedlistc=\count330
\c@listd=\count331
\c@savedlistd=\count332
\c@liste=\count333
\c@savedliste=\count334
\c@listf=\count335
\c@savedlistf=\count336
\c@location=\count337
\c@savedlocation=\count338
\c@organization=\count339
\c@savedorganization=\count340
\c@origlocation=\count341
\c@savedoriglocation=\count342
\c@origpublisher=\count343
\c@savedorigpublisher=\count344
\c@publisher=\count345
\c@savedpublisher=\count346
\c@language=\count347
\c@savedlanguage=\count348
\c@origlanguage=\count349
\c@savedoriglanguage=\count350
\c@pageref=\count351
\c@savedpageref=\count352
\shorthandwidth=\skip57
\shortjournalwidth=\skip58
\shortserieswidth=\skip59
\shorttitlewidth=\skip60
\shortauthorwidth=\skip61
\shorteditorwidth=\skip62
\locallabelnumberwidth=\skip63
\locallabelalphawidth=\skip64
\localshorthandwidth=\skip65
\localshortjournalwidth=\skip66
\localshortserieswidth=\skip67
\localshorttitlewidth=\skip68
\localshortauthorwidth=\skip69
\localshorteditorwidth=\skip70
Package biblatex Info: Trying to load enhanced support for Unicode engines...
Package biblatex Info: ... file 'blx-unicode.def' found.

("C:\Users\Shaokang Jiang\AppData\Local\Programs\MiKTeX 2.9\tex/latex/biblatex\
blx-unicode.def")
Package biblatex Info: Trying to load compatibility code...
Package biblatex Info: ... file 'blx-compat.def' found.

("C:\Users\Shaokang Jiang\AppData\Local\Programs\MiKTeX 2.9\tex/latex/biblatex\
blx-compat.def"
File: blx-compat.def 2020/08/23 v3.15a biblatex compatibility (PK/MW)
)
("C:\Users\Shaokang Jiang\AppData\Local\Programs\MiKTeX 2.9\tex/latex/l3kernel\
expl3.sty"
Package: expl3 2020-09-03 L3 programming layer (loader) 

("C:\Users\Shaokang Jiang\AppData\Local\Programs\MiKTeX 2.9\tex/latex/l3backend
\l3backend-xetex.def"
File: l3backend-xetex.def 2020-09-01 L3 backend support: XeTeX
\g__graphics_track_int=\count353
\l__pdf_internal_box=\box45
\g__pdf_backend_object_int=\count354
\g__pdf_backend_annotation_int=\count355
))
Package biblatex Info: expl3
(biblatex)             2020-09-03 L3 programming layer (loader) 
(biblatex)             is new enough (at least 2020/04/06),
(biblatex)             setting 'casechanger=expl3'.
Package biblatex Info: Trying to load expl3 case changing code...
Package biblatex Info: ... file 'blx-case-expl3.def' found.

("C:\Users\Shaokang Jiang\AppData\Local\Programs\MiKTeX 2.9\tex/latex/biblatex\
blx-case-expl3.def"
("C:\Users\Shaokang Jiang\AppData\Local\Programs\MiKTeX 2.9\tex/latex/l3package
s/xparse\xparse.sty"
Package: xparse 2020-05-15 L3 Experimental document command parser

("C:\Users\Shaokang Jiang\AppData\Local\Programs\MiKTeX 2.9\tex/latex/l3package
s/xparse\xparse-generic.tex"
\l__xparse_current_arg_int=\count356
\g__xparse_grabber_int=\count357
\l__xparse_m_args_int=\count358
\l__xparse_v_nesting_int=\count359
))
File: blx-case-expl3 2020/08/23 v3.15a expl3 case changing code for biblatex
)
Package biblatex Info: Trying to load generic definitions...
Package biblatex Info: ... file 'biblatex.def' found.

("C:\Users\Shaokang Jiang\AppData\Local\Programs\MiKTeX 2.9\tex/latex/biblatex\
biblatex.def"
File: biblatex.def 2020/08/23 v3.15a biblatex compatibility (PK/MW)
\c@textcitecount=\count360
\c@textcitetotal=\count361
\c@textcitemaxnames=\count362
\c@biburlbigbreakpenalty=\count363
\c@biburlbreakpenalty=\count364
\c@biburlnumpenalty=\count365
\c@biburlucpenalty=\count366
\c@biburllcpenalty=\count367
\biburlbigskip=\muskip17
\biburlnumskip=\muskip18
\biburlucskip=\muskip19
\biburllcskip=\muskip20
\c@smartand=\count368
)
Package biblatex Info: Trying to load bibliography style 'ieee'...
Package biblatex Info: ... file 'ieee.bbx' found.

("C:\Users\Shaokang Jiang\AppData\Local\Programs\MiKTeX 2.9\tex/latex/biblatex-
ieee\ieee.bbx"
File: ieee.bbx 2020/08/31 v1.3c biblatex bibliography style
Package biblatex Info: Trying to load bibliography style 'numeric-comp'...
Package biblatex Info: ... file 'numeric-comp.bbx' found.

("C:\Users\Shaokang Jiang\AppData\Local\Programs\MiKTeX 2.9\tex/latex/biblatex/
bbx\numeric-comp.bbx"
File: numeric-comp.bbx 2020/08/23 v3.15a biblatex bibliography style (PK/MW)
Package biblatex Info: Trying to load bibliography style 'numeric'...
Package biblatex Info: ... file 'numeric.bbx' found.

("C:\Users\Shaokang Jiang\AppData\Local\Programs\MiKTeX 2.9\tex/latex/biblatex/
bbx\numeric.bbx"
File: numeric.bbx 2020/08/23 v3.15a biblatex bibliography style (PK/MW)
Package biblatex Info: Trying to load bibliography style 'standard'...
Package biblatex Info: ... file 'standard.bbx' found.

("C:\Users\Shaokang Jiang\AppData\Local\Programs\MiKTeX 2.9\tex/latex/biblatex/
bbx\standard.bbx"
File: standard.bbx 2020/08/23 v3.15a biblatex bibliography style (PK/MW)
\c@bbx:relatedcount=\count369
\c@bbx:relatedtotal=\count370
))))
Package biblatex Info: Trying to load citation style 'ieee'...
Package biblatex Info: ... file 'ieee.cbx' found.

("C:\Users\Shaokang Jiang\AppData\Local\Programs\MiKTeX 2.9\tex/latex/biblatex-
ieee\ieee.cbx"
File: ieee.cbx 2020/08/31 v1.3c biblatex citation style
Package biblatex Info: Trying to load citation style 'numeric-comp'...
Package biblatex Info: ... file 'numeric-comp.cbx' found.

("C:\Users\Shaokang Jiang\AppData\Local\Programs\MiKTeX 2.9\tex/latex/biblatex/
cbx\numeric-comp.cbx"
File: numeric-comp.cbx 2020/08/23 v3.15a biblatex citation style (PK/MW)
\c@cbx@tempcnta=\count371
\c@cbx@tempcntb=\count372
\c@cbx@tempcntc=\count373
\c@cbx@tempcntd=\count374
Package biblatex Info: Redefining '\cite'.
Package biblatex Info: Redefining '\parencite'.
Package biblatex Info: Redefining '\footcite'.
Package biblatex Info: Redefining '\footcitetext'.
Package biblatex Info: Redefining '\smartcite'.
Package biblatex Info: Redefining '\supercite'.
Package biblatex Info: Redefining '\textcite'.
Package biblatex Info: Redefining '\textcites'.
Package biblatex Info: Redefining '\cites'.
Package biblatex Info: Redefining '\parencites'.
Package biblatex Info: Redefining '\smartcites'.
)
Package biblatex Info: Redefining '\cite'.
Package biblatex Info: Redefining '\cites'.
)
Package biblatex Info: Trying to load configuration file...
Package biblatex Info: ... file 'biblatex.cfg' found.

("C:\Users\Shaokang Jiang\AppData\Local\Programs\MiKTeX 2.9\tex/latex/biblatex\
biblatex.cfg"
File: biblatex.cfg 
)) (simplecv.sty
Package: simplecv 

("C:\Users\Shaokang Jiang\AppData\Local\Programs\MiKTeX 2.9\tex/latex/geometry\
geometry.sty"
Package: geometry 2020/01/02 v5.9 Page Geometry

("C:\Users\Shaokang Jiang\AppData\Local\Programs\MiKTeX 2.9\tex/generic/iftex\i
fvtex.sty"
Package: ifvtex 2019/10/25 v1.7 ifvtex legacy package. Use iftex instead.
)
\Gm@cnth=\count375
\Gm@cntv=\count376
\c@Gm@tempcnt=\count377
\Gm@bindingoffset=\dimen135
\Gm@wd@mp=\dimen136
\Gm@odd@mp=\dimen137
\Gm@even@mp=\dimen138
\Gm@layoutwidth=\dimen139
\Gm@layoutheight=\dimen140
\Gm@layouthoffset=\dimen141
\Gm@layoutvoffset=\dimen142
\Gm@dimlist=\toks16

("C:\Users\Shaokang Jiang\AppData\Local\Programs\MiKTeX 2.9\tex/xelatex/xetexco
nfig\geometry.cfg"))
("C:\Users\Shaokang Jiang\AppData\Local\Programs\MiKTeX 2.9\tex/latex/titlesec\
titlesec.sty"
Package: titlesec 2019/10/16 v2.13 Sectioning titles
\ttl@box=\box46
\beforetitleunit=\skip71
\aftertitleunit=\skip72
\ttl@plus=\dimen143
\ttl@minus=\dimen144
\ttl@toksa=\toks17
\titlewidth=\dimen145
\titlewidthlast=\dimen146
\titlewidthfirst=\dimen147
)
("C:\Users\Shaokang Jiang\AppData\Local\Programs\MiKTeX 2.9\tex/latex/subfiles\
subfiles.sty"
Package: subfiles 2020/02/14 v1.6 Multi-file projects (package)

("C:\Users\Shaokang Jiang\AppData\Local\Programs\MiKTeX 2.9\tex/latex/import\im
port.sty"
Package: import 2020/04/01  v 6.2
))
("C:\Users\Shaokang Jiang\AppData\Local\Programs\MiKTeX 2.9\tex/latex/tools\mul
ticol.sty"
Package: multicol 2019/12/09 v1.8y multicolumn formatting (FMi)
\c@tracingmulticols=\count378
\mult@box=\box47
\multicol@leftmargin=\dimen148
\c@unbalance=\count379
\c@collectmore=\count380
\doublecol@number=\count381
\multicoltolerance=\count382
\multicolpretolerance=\count383
\full@width=\dimen149
\page@free=\dimen150
\premulticols=\dimen151
\postmulticols=\dimen152
\multicolsep=\skip73
\multicolbaselineskip=\skip74
\partial@page=\box48
\last@line=\box49
\maxbalancingoverflow=\dimen153
\mult@rightbox=\box50
\mult@grightbox=\box51
\mult@gfirstbox=\box52
\mult@firstbox=\box53
\@tempa=\box54
\@tempa=\box55
\@tempa=\box56
\@tempa=\box57
\@tempa=\box58
\@tempa=\box59
\@tempa=\box60
\@tempa=\box61
\@tempa=\box62
\@tempa=\box63
\@tempa=\box64
\@tempa=\box65
\@tempa=\box66
\@tempa=\box67
\@tempa=\box68
\@tempa=\box69
\@tempa=\box70
\@tempa=\box71
\@tempa=\box72
\@tempa=\box73
\@tempa=\box74
\@tempa=\box75
\@tempa=\box76
\@tempa=\box77
\@tempa=\box78
\@tempa=\box79
\@tempa=\box80
\@tempa=\box81
\@tempa=\box82
\@tempa=\box83
\@tempa=\box84
\@tempa=\box85
\@tempa=\box86
\@tempa=\box87
\@tempa=\box88
\@tempa=\box89
\@tempa=\box90
\c@minrows=\count384
\c@columnbadness=\count385
\c@finalcolumnbadness=\count386
\last@try=\dimen154
\multicolovershoot=\dimen155
\multicolundershoot=\dimen156
\mult@nat@firstbox=\box91
\colbreak@box=\box92
\mc@col@check@num=\count387
)
("C:\Users\Shaokang Jiang\AppData\Local\Programs\MiKTeX 2.9\tex/latex/xcolor\xc
olor.sty"
Package: xcolor 2016/05/11 v2.12 LaTeX color extensions (UK)

("C:\Users\Shaokang Jiang\AppData\Local\Programs\MiKTeX 2.9\tex/latex/graphics-
cfg\color.cfg"
File: color.cfg 2016/01/02 v1.6 sample color configuration
)
Package xcolor Info: Package option `usenames' ignored on input line 216.
Package xcolor Info: Driver file: xetex.def on input line 225.

("C:\Users\Shaokang Jiang\AppData\Local\Programs\MiKTeX 2.9\tex/latex/graphics-
def\xetex.def"
File: xetex.def 2020/08/26 v5.0i Graphics/color driver for xetex
)
Package xcolor Info: Model `cmy' substituted by `cmy0' on input line 1348.
Package xcolor Info: Model `RGB' extended on input line 1364.
Package xcolor Info: Model `HTML' substituted by `rgb' on input line 1366.
Package xcolor Info: Model `Hsb' substituted by `hsb' on input line 1367.
Package xcolor Info: Model `tHsb' substituted by `hsb' on input line 1368.
Package xcolor Info: Model `HSB' substituted by `hsb' on input line 1369.
Package xcolor Info: Model `Gray' substituted by `gray' on input line 1370.
Package xcolor Info: Model `wave' substituted by `hsb' on input line 1371.

("C:\Users\Shaokang Jiang\AppData\Local\Programs\MiKTeX 2.9\tex/latex/graphics\
dvipsnam.def"
File: dvipsnam.def 2016/06/17 v3.0m Driver-dependent file (DPC,SPQR)
))
("C:\Users\Shaokang Jiang\AppData\Local\Programs\MiKTeX 2.9\tex/latex/enumitem\
enumitem.sty"
Package: enumitem 2019/06/20 v3.9 Customized lists
\labelindent=\skip75
\enit@outerparindent=\dimen157
\enit@toks=\toks18
\enit@inbox=\box93
\enit@count@id=\count388
\enitdp@description=\count389
)
("C:\Users\Shaokang Jiang\AppData\Local\Programs\MiKTeX 2.9\tex/latex/lastpage\
lastpage.sty"
Package: lastpage 2015/03/29 v1.2m Refers to last page's name (HMM; JPG)
)
("C:\Users\Shaokang Jiang\AppData\Local\Programs\MiKTeX 2.9\tex/latex/fancyhdr\
fancyhdr.sty"
Package: fancyhdr 2019/01/31 v3.10 Extensive control of page headers and footer
s
\f@nch@headwidth=\skip76
\f@nch@O@elh=\skip77
\f@nch@O@erh=\skip78
\f@nch@O@olh=\skip79
\f@nch@O@orh=\skip80
\f@nch@O@elf=\skip81
\f@nch@O@erf=\skip82
\f@nch@O@olf=\skip83
\f@nch@O@orf=\skip84
)
("C:\Users\Shaokang Jiang\AppData\Local\Programs\MiKTeX 2.9\tex/generic/babel\b
abel.sty"
Package: babel 2020/09/01 3.48 The Babel package

("C:\Users\Shaokang Jiang\AppData\Local\Programs\MiKTeX 2.9\tex/generic/babel\b
abel.def"
File: babel.def 2020/09/01 3.48 Babel common definitions
\babel@savecnt=\count390
\U@D=\dimen158
\l@babelnohyphens=\language80

("C:\Users\Shaokang Jiang\AppData\Local\Programs\MiKTeX 2.9\tex/generic/babel\x
ebabel.def"
("C:\Users\Shaokang Jiang\AppData\Local\Programs\MiKTeX 2.9\tex/generic/babel\t
xtbabel.def"))
\bbl@readstream=\read3
)
\bbl@dirlevel=\count391

*************************************
* Local config file bblopts.cfg used
*

("C:\Users\Shaokang Jiang\AppData\Local\Programs\MiKTeX 2.9\tex/latex/arabi\bbl
opts.cfg"
File: bblopts.cfg 2005/09/08 v0.1 add Arabic and Farsi to "declared" options of
 babel
)
("C:\Users\Shaokang Jiang\AppData\Local\Programs\MiKTeX 2.9\tex/latex/babel-rus
sian\russianb.ldf"
Language: russian 2017/08/12 1.3j Russian support for the Babel system
Package babel Info: Making " an active character on input line 120.
Package babel Info: Default for \cyrdash is provided on input line 157.
)
("C:\Users\Shaokang Jiang\AppData\Local\Programs\MiKTeX 2.9\tex/latex/babel-eng
lish\english.ldf"
Language: english 2017/06/06 v3.3r English support from the babel system
Package babel Info: \l@canadian = using hyphenrules for english
(babel)             (\language0) on input line 102.
Package babel Info: \l@australian = using hyphenrules for ukenglish
(babel)             (\language73) on input line 105.
Package babel Info: \l@newzealand = using hyphenrules for ukenglish
(babel)             (\language73) on input line 108.
))
("C:\Users\Shaokang Jiang\AppData\Local\Programs\MiKTeX 2.9\tex/latex/graphics\
graphicx.sty"
Package: graphicx 2019/11/30 v1.2a Enhanced LaTeX Graphics (DPC,SPQR)

("C:\Users\Shaokang Jiang\AppData\Local\Programs\MiKTeX 2.9\tex/latex/graphics\
graphics.sty"
Package: graphics 2019/11/30 v1.4a Standard LaTeX Graphics (DPC,SPQR)

("C:\Users\Shaokang Jiang\AppData\Local\Programs\MiKTeX 2.9\tex/latex/graphics\
trig.sty"
Package: trig 2016/01/03 v1.10 sin cos tan (DPC)
)
("C:\Users\Shaokang Jiang\AppData\Local\Programs\MiKTeX 2.9\tex/latex/graphics-
cfg\graphics.cfg"
File: graphics.cfg 2016/06/04 v1.11 sample graphics configuration
)
Package graphics Info: Driver file: xetex.def on input line 105.
)
\Gin@req@height=\dimen159
\Gin@req@width=\dimen160
)
("C:\Users\Shaokang Jiang\AppData\Local\Programs\MiKTeX 2.9\tex/latex/adjustbox
\adjustbox.sty"
Package: adjustbox 2020/08/19 v1.3 Adjusting TeX boxes (trim, clip, ...)

("C:\Users\Shaokang Jiang\AppData\Local\Programs\MiKTeX 2.9\tex/latex/xkeyval\x
keyval.sty"
Package: xkeyval 2014/12/03 v2.7a package option processing (HA)

("C:\Users\Shaokang Jiang\AppData\Local\Programs\MiKTeX 2.9\tex/generic/xkeyval
\xkeyval.tex"
("C:\Users\Shaokang Jiang\AppData\Local\Programs\MiKTeX 2.9\tex/generic/xkeyval
\xkvutils.tex"
\XKV@toks=\toks19
\XKV@tempa@toks=\toks20
)
\XKV@depth=\count392
File: xkeyval.tex 2014/12/03 v2.7a key=value parser (HA)
))
("C:\Users\Shaokang Jiang\AppData\Local\Programs\MiKTeX 2.9\tex/latex/adjustbox
\adjcalc.sty"
Package: adjcalc 2012/05/16 v1.1 Provides advanced setlength with multiple back
-ends (calc, etex, pgfmath)
)
("C:\Users\Shaokang Jiang\AppData\Local\Programs\MiKTeX 2.9\tex/latex/adjustbox
\trimclip.sty"
Package: trimclip 2020/08/19 v1.2 Trim and clip general TeX material

("C:\Users\Shaokang Jiang\AppData\Local\Programs\MiKTeX 2.9\tex/latex/collectbo
x\collectbox.sty"
Package: collectbox 2012/05/17 v0.4b Collect macro arguments as boxes
\collectedbox=\box94
)
\tc@llx=\dimen161
\tc@lly=\dimen162
\tc@urx=\dimen163
\tc@ury=\dimen164
Package trimclip Info: Using driver 'tc-xetex.def'.

("C:\Users\Shaokang Jiang\AppData\Local\Programs\MiKTeX 2.9\tex/latex/adjustbox
\tc-xetex.def"
File: tc-xetex.def 2019/01/04 v2.2 Clipping driver for xetex
))
\adjbox@Width=\dimen165
\adjbox@Height=\dimen166
\adjbox@Depth=\dimen167
\adjbox@Totalheight=\dimen168
\adjbox@pwidth=\dimen169
\adjbox@pheight=\dimen170
\adjbox@pdepth=\dimen171
\adjbox@ptotalheight=\dimen172

("C:\Users\Shaokang Jiang\AppData\Local\Programs\MiKTeX 2.9\tex/latex/ifoddpage
\ifoddpage.sty"
Package: ifoddpage 2016/04/23 v1.1 Conditionals for odd/even page detection
\c@checkoddpage=\count393
)
("C:\Users\Shaokang Jiang\AppData\Local\Programs\MiKTeX 2.9\tex/latex/varwidth\
varwidth.sty"
Package: varwidth 2009/03/30 ver 0.92;  Variable-width minipages
\@vwid@box=\box95
\sift@deathcycles=\count394
\@vwid@loff=\dimen173
\@vwid@roff=\dimen174
))
("C:\Users\Shaokang Jiang\AppData\Local\Programs\MiKTeX 2.9\tex/latex/csquotes\
csquotes.sty"
Package: csquotes 2019-12-06 v5.2j context-sensitive quotations (JAW)
\csq@reset=\count395
\csq@gtype=\count396
\csq@glevel=\count397
\csq@qlevel=\count398
\csq@maxlvl=\count399
\csq@tshold=\count400
\csq@ltx@everypar=\toks21

("C:\Users\Shaokang Jiang\AppData\Local\Programs\MiKTeX 2.9\tex/latex/csquotes\
csquotes.def"
File: csquotes.def 2019-12-06 v5.2j csquotes generic definitions (JAW)
)
Package csquotes Info: Trying to load configuration file 'csquotes.cfg'...
Package csquotes Info: ... configuration file loaded successfully.

("C:\Users\Shaokang Jiang\AppData\Local\Programs\MiKTeX 2.9\tex/latex/csquotes\
csquotes.cfg"
File: csquotes.cfg 
)
Package csquotes Info: Enabling multilingual quotes.
Package csquotes Info: Redefining alias 'english' -> 'english/american'.
)
Package csquotes Info: Allocating character ".
)
Package csquotes Info: Checking for multilingual support...
Package csquotes Info: ... found 'babel' package.
 (main.aux)
\openout1 = `main.aux'.

LaTeX Font Info:    Checking defaults for OML/cmm/m/it on input line 20.
LaTeX Font Info:    ... okay on input line 20.
LaTeX Font Info:    Checking defaults for OMS/cmsy/m/n on input line 20.
LaTeX Font Info:    ... okay on input line 20.
LaTeX Font Info:    Checking defaults for OT1/cmr/m/n on input line 20.
LaTeX Font Info:    ... okay on input line 20.
LaTeX Font Info:    Checking defaults for T1/cmr/m/n on input line 20.
LaTeX Font Info:    ... okay on input line 20.
LaTeX Font Info:    Checking defaults for TS1/cmr/m/n on input line 20.
LaTeX Font Info:    Trying to load font information for TS1+cmr on input line 2
0.

("C:\Users\Shaokang Jiang\AppData\Local\Programs\MiKTeX 2.9\tex/latex/base\ts1c
mr.fd"
File: ts1cmr.fd 2019/12/16 v2.5j Standard LaTeX font definitions
)
LaTeX Font Info:    ... okay on input line 20.
LaTeX Font Info:    Checking defaults for TU/lmr/m/n on input line 20.
LaTeX Font Info:    ... okay on input line 20.
LaTeX Font Info:    Checking defaults for OMX/cmex/m/n on input line 20.
LaTeX Font Info:    ... okay on input line 20.
LaTeX Font Info:    Checking defaults for U/cmr/m/n on input line 20.
LaTeX Font Info:    ... okay on input line 20.
Package biblatex Info: Trying to load language 'english'...
Package biblatex Info: ... file 'english.lbx' found.

("C:\Users\Shaokang Jiang\AppData\Local\Programs\MiKTeX 2.9\tex/latex/biblatex/
lbx\english.lbx"
File: english.lbx 2020/08/23 v3.15a biblatex localization (PK/MW)
)
Package biblatex Info: Trying to load language 'russian'...
Package biblatex Info: ... file 'russian.lbx' found.

("C:\Users\Shaokang Jiang\AppData\Local\Programs\MiKTeX 2.9\tex/latex/biblatex/
lbx\russian.lbx"
File: russian.lbx 2020/08/23 v3.15a biblatex localization (PK/MW)
)
Package biblatex Info: XeTeX detected.
(biblatex)             Assuming input encoding 'utf8'.
Package biblatex Info: Automatic encoding selection.
(biblatex)             Assuming data encoding 'utf8'.
\openout3 = `main.bcf'.

Package biblatex Info: Trying to load bibliographic data...
Package biblatex Info: ... file 'main.bbl' not found.

No file main.bbl.
Package biblatex Info: Reference section=0 on input line 20.
Package biblatex Info: Reference segment=0 on input line 20.
*geometry* detected driver: pdftex
*geometry* verbose mode - [ preamble ] result:
* driver: pdftex
* paper: letterpaper
* layout: <same size as paper>
* layoutoffset:(h,v)=(0.0pt,0.0pt)
* modes: 
* h-part:(L,W,R)=(28.45274pt, 557.38951pt, 28.45274pt)
* v-part:(T,H,B)=(28.45274pt, 738.0645pt, 28.45274pt)
* \paperwidth=614.295pt
* \paperheight=794.96999pt
* \textwidth=557.38951pt
* \textheight=738.0645pt
* \oddsidemargin=-43.81725pt
* \evensidemargin=-43.81725pt
* \topmargin=-80.81725pt
* \headheight=12.0pt
* \headsep=25.0pt
* \topskip=11.0pt
* \footskip=30.0pt
* \marginparwidth=59.0pt
* \marginparsep=10.0pt
* \columnsep=10.0pt
* \skip\footins=10.0pt plus 4.0pt minus 2.0pt
* \hoffset=0.0pt
* \voffset=0.0pt
* \mag=1000
* \@twocolumnfalse
* \@twosidefalse
* \@mparswitchfalse
* \@reversemarginfalse
* (1in=72.27pt=25.4mm, 1cm=28.453pt)

Package lastpage Info: Please have a look at the pageslts package at
(lastpage)             https://www.ctan.org/pkg/pageslts
(lastpage)             ! on input line 20.
Package csquotes Info: Redefining character " on input line 20.
(sections/education.tex
LaTeX Font Info:    External font `cmex10' loaded for size
(Font)              <10.95> on input line 13.
LaTeX Font Info:    External font `cmex10' loaded for size
(Font)              <8> on input line 13.
LaTeX Font Info:    External font `cmex10' loaded for size
(Font)              <6> on input line 13.
) (sections/skills.tex
LaTeX Font Info:    External font `cmex10' loaded for size
(Font)              <7> on input line 7.
LaTeX Font Info:    External font `cmex10' loaded for size
(Font)              <5> on input line 7.
) (sections/projects.tex
Overfull \hbox (5.5499pt too wide) in paragraph at lines 15--15
[][] 
 []


Overfull \hbox (5.5499pt too wide) in paragraph at lines 23--23
[][] 
 []


Overfull \hbox (5.5499pt too wide) in paragraph at lines 31--31
[][] 
 []


Overfull \hbox (5.96808pt too wide) in paragraph at lines 42--42
[][] 
 []


Overfull \hbox (5.96808pt too wide) in paragraph at lines 50--50
[][] 
 []


Overfull \hbox (5.96808pt too wide) in paragraph at lines 58--58
[][] 
 []

) (sections/experience.tex) (sections/awards.tex)

AED: lastpage setting LastPage
[1

] (main.aux)
Package logreq Info: Writing requests to 'main.run.xml'.
\openout1 = `main.run.xml'.

 ) 
Here is how much of TeX's memory you used:
 13192 strings out of 414480
 234694 string characters out of 2900233
 990316 words of memory out of 3000000
 30268 multiletter control sequences out of 15000+200000
 537899 words of font info for 47 fonts, out of 3000000 for 9000
 1348 hyphenation exceptions out of 8191
 44i,11n,49p,1048b,3762s stack positions out of 5000i,500n,10000p,200000b,50000s

Output written on main.pdf (1 page).
