This is XeTeX, Version 3.141592653-2.6-0.999993 (TeX Live 2021/W32TeX) (preloaded format=xelatex 2021.6.14)  17 JUN 2021 11:39
entering extended mode
 restricted \write18 enabled.
 %&-line parsing enabled.
**Resume.tex
(./Resume.tex
LaTeX2e <2021-06-01>
L3 programming layer <2021-06-01>
(c:/texlive/2021/texmf-dist/tex/latex/base/article.cls
Document Class: article 2021/02/12 v1.4n Standard LaTeX document class
(c:/texlive/2021/texmf-dist/tex/latex/base/size11.clo
File: size11.clo 2021/02/12 v1.4n Standard LaTeX file (size option)
)
\c@part=\count178
\c@section=\count179
\c@subsection=\count180
\c@subsubsection=\count181
\c@paragraph=\count182
\c@subparagraph=\count183
\c@figure=\count184
\c@table=\count185
\abovecaptionskip=\skip47
\belowcaptionskip=\skip48
\bibindent=\dimen138
)
(c:/texlive/2021/texmf-dist/tex/latex/biblatex/biblatex.sty
Package: biblatex 2020/12/31 v3.16 programmable bibliographies (PK/MW)

(c:/texlive/2021/texmf-dist/tex/generic/pdftexcmds/pdftexcmds.sty
Package: pdftexcmds 2020-06-27 v0.33 Utility functions of pdfTeX for LuaTeX (HO
)

(c:/texlive/2021/texmf-dist/tex/generic/infwarerr/infwarerr.sty
Package: infwarerr 2019/12/03 v1.5 Providing info/warning/error messages (HO)
)
(c:/texlive/2021/texmf-dist/tex/generic/iftex/iftex.sty
Package: iftex 2020/03/06 v1.0d TeX engine tests
)
(c:/texlive/2021/texmf-dist/tex/generic/ltxcmds/ltxcmds.sty
Package: ltxcmds 2020-05-10 v1.25 LaTeX kernel commands for general use (HO)
)
Package pdftexcmds Info: \pdf@primitive is available.
Package pdftexcmds Info: \pdf@ifprimitive is available.
Package pdftexcmds Info: \pdfdraftmode not found.
)
(c:/texlive/2021/texmf-dist/tex/latex/etoolbox/etoolbox.sty
Package: etoolbox 2020/10/05 v2.5k e-TeX tools for LaTeX (JAW)
\etb@tempcnta=\count186
)
(c:/texlive/2021/texmf-dist/tex/latex/graphics/keyval.sty
Package: keyval 2014/10/28 v1.15 key=value parser (DPC)
\KV@toks@=\toks16
)
(c:/texlive/2021/texmf-dist/tex/latex/kvoptions/kvoptions.sty
Package: kvoptions 2020-10-07 v3.14 Key value format for package options (HO)

(c:/texlive/2021/texmf-dist/tex/generic/kvsetkeys/kvsetkeys.sty
Package: kvsetkeys 2019/12/15 v1.18 Key value parser (HO)
))
(c:/texlive/2021/texmf-dist/tex/latex/logreq/logreq.sty
Package: logreq 2010/08/04 v1.0 xml request logger
\lrq@indent=\count187

(c:/texlive/2021/texmf-dist/tex/latex/logreq/logreq.def
File: logreq.def 2010/08/04 v1.0 logreq spec v1.0
))
(c:/texlive/2021/texmf-dist/tex/latex/base/ifthen.sty
Package: ifthen 2020/11/24 v1.1c Standard LaTeX ifthen package (DPC)
)
(c:/texlive/2021/texmf-dist/tex/latex/url/url.sty
\Urlmuskip=\muskip16
Package: url 2013/09/16  ver 3.4  Verb mode for urls, etc.
)
\c@tabx@nest=\count188
\c@listtotal=\count189
\c@listcount=\count190
\c@liststart=\count191
\c@liststop=\count192
\c@citecount=\count193
\c@citetotal=\count194
\c@multicitecount=\count195
\c@multicitetotal=\count196
\c@instcount=\count197
\c@maxnames=\count198
\c@minnames=\count199
\c@maxitems=\count266
\c@minitems=\count267
\c@citecounter=\count268
\c@maxcitecounter=\count269
\c@savedcitecounter=\count270
\c@uniquelist=\count271
\c@uniquename=\count272
\c@refsection=\count273
\c@refsegment=\count274
\c@maxextratitle=\count275
\c@maxextratitleyear=\count276
\c@maxextraname=\count277
\c@maxextradate=\count278
\c@maxextraalpha=\count279
\c@abbrvpenalty=\count280
\c@highnamepenalty=\count281
\c@lownamepenalty=\count282
\c@maxparens=\count283
\c@parenlevel=\count284
\blx@tempcnta=\count285
\blx@tempcntb=\count286
\blx@tempcntc=\count287
\blx@maxsection=\count288
\blx@maxsegment@0=\count289
\blx@notetype=\count290
\blx@parenlevel@text=\count291
\blx@parenlevel@foot=\count292
\blx@sectionciteorder@0=\count293
\blx@entrysetcounter=\count294
\blx@biblioinstance=\count295
\labelnumberwidth=\skip49
\labelalphawidth=\skip50
\biblabelsep=\skip51
\bibitemsep=\skip52
\bibnamesep=\skip53
\bibinitsep=\skip54
\bibparsep=\skip55
\bibhang=\skip56
\blx@bcfin=\read2
\blx@bcfout=\write3
\blx@langwohyphens=\language48
\c@mincomprange=\count296
\c@maxcomprange=\count297
\c@mincompwidth=\count298
Package biblatex Info: Trying to load biblatex default data model...
Package biblatex Info: ... file 'blx-dm.def' found.

(c:/texlive/2021/texmf-dist/tex/latex/biblatex/blx-dm.def
File: blx-dm.def 2020/12/31 v3.16 biblatex localization (PK/MW)
)
Package biblatex Info: Trying to load biblatex style data model...
Package biblatex Info: ... file 'ieee.dbx' not found.
Package biblatex Info: Trying to load biblatex custom data model...
Package biblatex Info: ... file 'biblatex-dm.cfg' not found.
\c@afterword=\count299
\c@savedafterword=\count300
\c@annotator=\count301
\c@savedannotator=\count302
\c@author=\count303
\c@savedauthor=\count304
\c@bookauthor=\count305
\c@savedbookauthor=\count306
\c@commentator=\count307
\c@savedcommentator=\count308
\c@editor=\count309
\c@savededitor=\count310
\c@editora=\count311
\c@savededitora=\count312
\c@editorb=\count313
\c@savededitorb=\count314
\c@editorc=\count315
\c@savededitorc=\count316
\c@foreword=\count317
\c@savedforeword=\count318
\c@holder=\count319
\c@savedholder=\count320
\c@introduction=\count321
\c@savedintroduction=\count322
\c@namea=\count323
\c@savednamea=\count324
\c@nameb=\count325
\c@savednameb=\count326
\c@namec=\count327
\c@savednamec=\count328
\c@translator=\count329
\c@savedtranslator=\count330
\c@shortauthor=\count331
\c@savedshortauthor=\count332
\c@shorteditor=\count333
\c@savedshorteditor=\count334
\c@labelname=\count335
\c@savedlabelname=\count336
\c@institution=\count337
\c@savedinstitution=\count338
\c@lista=\count339
\c@savedlista=\count340
\c@listb=\count341
\c@savedlistb=\count342
\c@listc=\count343
\c@savedlistc=\count344
\c@listd=\count345
\c@savedlistd=\count346
\c@liste=\count347
\c@savedliste=\count348
\c@listf=\count349
\c@savedlistf=\count350
\c@location=\count351
\c@savedlocation=\count352
\c@organization=\count353
\c@savedorganization=\count354
\c@origlocation=\count355
\c@savedoriglocation=\count356
\c@origpublisher=\count357
\c@savedorigpublisher=\count358
\c@publisher=\count359
\c@savedpublisher=\count360
\c@language=\count361
\c@savedlanguage=\count362
\c@origlanguage=\count363
\c@savedoriglanguage=\count364
\c@pageref=\count365
\c@savedpageref=\count366
\shorthandwidth=\skip57
\shortjournalwidth=\skip58
\shortserieswidth=\skip59
\shorttitlewidth=\skip60
\shortauthorwidth=\skip61
\shorteditorwidth=\skip62
\locallabelnumberwidth=\skip63
\locallabelalphawidth=\skip64
\localshorthandwidth=\skip65
\localshortjournalwidth=\skip66
\localshortserieswidth=\skip67
\localshorttitlewidth=\skip68
\localshortauthorwidth=\skip69
\localshorteditorwidth=\skip70
Package biblatex Info: Trying to load enhanced support for Unicode engines...
Package biblatex Info: ... file 'blx-unicode.def' found.

(c:/texlive/2021/texmf-dist/tex/latex/biblatex/blx-unicode.def)
Package biblatex Info: Trying to load compatibility code...
Package biblatex Info: ... file 'blx-compat.def' found.

(c:/texlive/2021/texmf-dist/tex/latex/biblatex/blx-compat.def
File: blx-compat.def 2020/12/31 v3.16 biblatex compatibility (PK/MW)
)
Package biblatex Info: Trying to load generic definitions...
Package biblatex Info: ... file 'biblatex.def' found.

(c:/texlive/2021/texmf-dist/tex/latex/biblatex/biblatex.def
File: biblatex.def 2020/12/31 v3.16 biblatex compatibility (PK/MW)
\c@textcitecount=\count367
\c@textcitetotal=\count368
\c@textcitemaxnames=\count369
\c@biburlbigbreakpenalty=\count370
\c@biburlbreakpenalty=\count371
\c@biburlnumpenalty=\count372
\c@biburlucpenalty=\count373
\c@biburllcpenalty=\count374
\biburlbigskip=\muskip17
\biburlnumskip=\muskip18
\biburlucskip=\muskip19
\biburllcskip=\muskip20
\c@smartand=\count375
)
Package biblatex Info: Trying to load bibliography style 'ieee'...
Package biblatex Info: ... file 'ieee.bbx' found.

(c:/texlive/2021/texmf-dist/tex/latex/biblatex-ieee/ieee.bbx
File: ieee.bbx 2021/03/25 v1.3e biblatex bibliography style
Package biblatex Info: Trying to load bibliography style 'numeric-comp'...
Package biblatex Info: ... file 'numeric-comp.bbx' found.

(c:/texlive/2021/texmf-dist/tex/latex/biblatex/bbx/numeric-comp.bbx
File: numeric-comp.bbx 2020/12/31 v3.16 biblatex bibliography style (PK/MW)
Package biblatex Info: Trying to load bibliography style 'numeric'...
Package biblatex Info: ... file 'numeric.bbx' found.

(c:/texlive/2021/texmf-dist/tex/latex/biblatex/bbx/numeric.bbx
File: numeric.bbx 2020/12/31 v3.16 biblatex bibliography style (PK/MW)
Package biblatex Info: Trying to load bibliography style 'standard'...
Package biblatex Info: ... file 'standard.bbx' found.

(c:/texlive/2021/texmf-dist/tex/latex/biblatex/bbx/standard.bbx
File: standard.bbx 2020/12/31 v3.16 biblatex bibliography style (PK/MW)
\c@bbx:relatedcount=\count376
\c@bbx:relatedtotal=\count377
))))
Package biblatex Info: Trying to load citation style 'ieee'...
Package biblatex Info: ... file 'ieee.cbx' found.

(c:/texlive/2021/texmf-dist/tex/latex/biblatex-ieee/ieee.cbx
File: ieee.cbx 2021/03/25 v1.3e biblatex citation style
Package biblatex Info: Trying to load citation style 'numeric-comp'...
Package biblatex Info: ... file 'numeric-comp.cbx' found.

(c:/texlive/2021/texmf-dist/tex/latex/biblatex/cbx/numeric-comp.cbx
File: numeric-comp.cbx 2020/12/31 v3.16 biblatex citation style (PK/MW)
\c@cbx@tempcnta=\count378
\c@cbx@tempcntb=\count379
\c@cbx@tempcntc=\count380
\c@cbx@tempcntd=\count381
Package biblatex Info: Redefining '\cite'.
Package biblatex Info: Redefining '\parencite'.
Package biblatex Info: Redefining '\footcite'.
Package biblatex Info: Redefining '\footcitetext'.
Package biblatex Info: Redefining '\smartcite'.
Package biblatex Info: Redefining '\supercite'.
Package biblatex Info: Redefining '\textcite'.
Package biblatex Info: Redefining '\textcites'.
Package biblatex Info: Redefining '\cites'.
Package biblatex Info: Redefining '\parencites'.
Package biblatex Info: Redefining '\smartcites'.
)
Package biblatex Info: Redefining '\cite'.
Package biblatex Info: Redefining '\cites'.
)
Package biblatex Info: Trying to load configuration file...
Package biblatex Info: ... file 'biblatex.cfg' found.

(c:/texlive/2021/texmf-dist/tex/latex/biblatex/biblatex.cfg
File: biblatex.cfg 
)) (./simplecv.sty
Package: simplecv 

(c:/texlive/2021/texmf-dist/tex/latex/geometry/geometry.sty
Package: geometry 2020/01/02 v5.9 Page Geometry

(c:/texlive/2021/texmf-dist/tex/generic/iftex/ifvtex.sty
Package: ifvtex 2019/10/25 v1.7 ifvtex legacy package. Use iftex instead.
)
\Gm@cnth=\count382
\Gm@cntv=\count383
\c@Gm@tempcnt=\count384
\Gm@bindingoffset=\dimen139
\Gm@wd@mp=\dimen140
\Gm@odd@mp=\dimen141
\Gm@even@mp=\dimen142
\Gm@layoutwidth=\dimen143
\Gm@layoutheight=\dimen144
\Gm@layouthoffset=\dimen145
\Gm@layoutvoffset=\dimen146
\Gm@dimlist=\toks17
)
(c:/texlive/2021/texmf-dist/tex/latex/titlesec/titlesec.sty
Package: titlesec 2019/10/16 v2.13 Sectioning titles
\ttl@box=\box50
\beforetitleunit=\skip71
\aftertitleunit=\skip72
\ttl@plus=\dimen147
\ttl@minus=\dimen148
\ttl@toksa=\toks18
\titlewidth=\dimen149
\titlewidthlast=\dimen150
\titlewidthfirst=\dimen151
)
(c:/texlive/2021/texmf-dist/tex/latex/subfiles/subfiles.sty
Package: subfiles 2020/11/14 v2.2 Multi-file projects (package)

(c:/texlive/2021/texmf-dist/tex/latex/import/import.sty
Package: import 2020/04/01  v 6.2
))
(c:/texlive/2021/texmf-dist/tex/latex/tools/multicol.sty
Package: multicol 2019/12/09 v1.8y multicolumn formatting (FMi)
\c@tracingmulticols=\count385
\mult@box=\box51
\multicol@leftmargin=\dimen152
\c@unbalance=\count386
\c@collectmore=\count387
\doublecol@number=\count388
\multicoltolerance=\count389
\multicolpretolerance=\count390
\full@width=\dimen153
\page@free=\dimen154
\premulticols=\dimen155
\postmulticols=\dimen156
\multicolsep=\skip73
\multicolbaselineskip=\skip74
\partial@page=\box52
\last@line=\box53
\maxbalancingoverflow=\dimen157
\mult@rightbox=\box54
\mult@grightbox=\box55
\mult@gfirstbox=\box56
\mult@firstbox=\box57
\@tempa=\box58
\@tempa=\box59
\@tempa=\box60
\@tempa=\box61
\@tempa=\box62
\@tempa=\box63
\@tempa=\box64
\@tempa=\box65
\@tempa=\box66
\@tempa=\box67
\@tempa=\box68
\@tempa=\box69
\@tempa=\box70
\@tempa=\box71
\@tempa=\box72
\@tempa=\box73
\@tempa=\box74
\@tempa=\box75
\@tempa=\box76
\@tempa=\box77
\@tempa=\box78
\@tempa=\box79
\@tempa=\box80
\@tempa=\box81
\@tempa=\box82
\@tempa=\box83
\@tempa=\box84
\@tempa=\box85
\@tempa=\box86
\@tempa=\box87
\@tempa=\box88
\@tempa=\box89
\@tempa=\box90
\@tempa=\box91
\@tempa=\box92
\@tempa=\box93
\@tempa=\box94
\c@minrows=\count391
\c@columnbadness=\count392
\c@finalcolumnbadness=\count393
\last@try=\dimen158
\multicolovershoot=\dimen159
\multicolundershoot=\dimen160
\mult@nat@firstbox=\box95
\colbreak@box=\box96
\mc@col@check@num=\count394
)
(c:/texlive/2021/texmf-dist/tex/latex/xcolor/xcolor.sty
Package: xcolor 2016/05/11 v2.12 LaTeX color extensions (UK)

(c:/texlive/2021/texmf-dist/tex/latex/graphics-cfg/color.cfg
File: color.cfg 2016/01/02 v1.6 sample color configuration
)
Package xcolor Info: Package option `usenames' ignored on input line 216.
Package xcolor Info: Driver file: xetex.def on input line 225.

(c:/texlive/2021/texmf-dist/tex/latex/graphics-def/xetex.def
File: xetex.def 2021/03/18 v5.0k Graphics/color driver for xetex
)
Package xcolor Info: Model `cmy' substituted by `cmy0' on input line 1348.
Package xcolor Info: Model `RGB' extended on input line 1364.
Package xcolor Info: Model `HTML' substituted by `rgb' on input line 1366.
Package xcolor Info: Model `Hsb' substituted by `hsb' on input line 1367.
Package xcolor Info: Model `tHsb' substituted by `hsb' on input line 1368.
Package xcolor Info: Model `HSB' substituted by `hsb' on input line 1369.
Package xcolor Info: Model `Gray' substituted by `gray' on input line 1370.
Package xcolor Info: Model `wave' substituted by `hsb' on input line 1371.

(c:/texlive/2021/texmf-dist/tex/latex/graphics/dvipsnam.def
File: dvipsnam.def 2016/06/17 v3.0m Driver-dependent file (DPC,SPQR)
))
(c:/texlive/2021/texmf-dist/tex/latex/enumitem/enumitem.sty
Package: enumitem 2019/06/20 v3.9 Customized lists
\labelindent=\skip75
\enit@outerparindent=\dimen161
\enit@toks=\toks19
\enit@inbox=\box97
\enit@count@id=\count395
\enitdp@description=\count396
)
(c:/texlive/2021/texmf-dist/tex/latex/lastpage/lastpage.sty
Package: lastpage 2015/03/29 v1.2m Refers to last page's name (HMM; JPG)
)
(c:/texlive/2021/texmf-dist/tex/latex/fancyhdr/fancyhdr.sty
Package: fancyhdr 2021/01/28 v4.0.1 Extensive control of page headers and foote
rs
\f@nch@headwidth=\skip76
\f@nch@O@elh=\skip77
\f@nch@O@erh=\skip78
\f@nch@O@olh=\skip79
\f@nch@O@orh=\skip80
\f@nch@O@elf=\skip81
\f@nch@O@erf=\skip82
\f@nch@O@olf=\skip83
\f@nch@O@orf=\skip84
)
(c:/texlive/2021/texmf-dist/tex/generic/babel/babel.sty
Package: babel 2021/06/02 3.60 The Babel package

(c:/texlive/2021/texmf-dist/tex/generic/babel/babel.def
File: babel.def 2021/06/02 3.60 Babel common definitions
\babel@savecnt=\count397
\U@D=\dimen162
\l@unhyphenated=\language49

(c:/texlive/2021/texmf-dist/tex/generic/babel/xebabel.def
(c:/texlive/2021/texmf-dist/tex/generic/babel/txtbabel.def))
\bbl@readstream=\read3
)
\bbl@dirlevel=\count398

(c:/texlive/2021/texmf-dist/tex/generic/babel-english/english.ldf
Language: english 2017/06/06 v3.3r English support from the babel system
Package babel Info: Hyphen rules for 'canadian' set to \l@english
(babel)             (\language0). Reported on input line 102.
Package babel Info: Hyphen rules for 'australian' set to \l@ukenglish
(babel)             (\language11). Reported on input line 105.
Package babel Info: Hyphen rules for 'newzealand' set to \l@ukenglish
(babel)             (\language11). Reported on input line 108.
))
(c:/texlive/2021/texmf-dist/tex/latex/graphics/graphicx.sty
Package: graphicx 2020/12/05 v1.2c Enhanced LaTeX Graphics (DPC,SPQR)

(c:/texlive/2021/texmf-dist/tex/latex/graphics/graphics.sty
Package: graphics 2021/03/04 v1.4d Standard LaTeX Graphics (DPC,SPQR)

(c:/texlive/2021/texmf-dist/tex/latex/graphics/trig.sty
Package: trig 2016/01/03 v1.10 sin cos tan (DPC)
)
(c:/texlive/2021/texmf-dist/tex/latex/graphics-cfg/graphics.cfg
File: graphics.cfg 2016/06/04 v1.11 sample graphics configuration
)
Package graphics Info: Driver file: xetex.def on input line 107.
)
\Gin@req@height=\dimen163
\Gin@req@width=\dimen164
)
(c:/texlive/2021/texmf-dist/tex/latex/adjustbox/adjustbox.sty
Package: adjustbox 2020/08/19 v1.3 Adjusting TeX boxes (trim, clip, ...)

(c:/texlive/2021/texmf-dist/tex/latex/xkeyval/xkeyval.sty
Package: xkeyval 2020/11/20 v2.8 package option processing (HA)

(c:/texlive/2021/texmf-dist/tex/generic/xkeyval/xkeyval.tex
(c:/texlive/2021/texmf-dist/tex/generic/xkeyval/xkvutils.tex
\XKV@toks=\toks20
\XKV@tempa@toks=\toks21
)
\XKV@depth=\count399
File: xkeyval.tex 2014/12/03 v2.7a key=value parser (HA)
))
(c:/texlive/2021/texmf-dist/tex/latex/adjustbox/adjcalc.sty
Package: adjcalc 2012/05/16 v1.1 Provides advanced setlength with multiple back
-ends (calc, etex, pgfmath)
)
(c:/texlive/2021/texmf-dist/tex/latex/adjustbox/trimclip.sty
Package: trimclip 2020/08/19 v1.2 Trim and clip general TeX material

(c:/texlive/2021/texmf-dist/tex/latex/collectbox/collectbox.sty
Package: collectbox 2012/05/17 v0.4b Collect macro arguments as boxes
\collectedbox=\box98
)
\tc@llx=\dimen165
\tc@lly=\dimen166
\tc@urx=\dimen167
\tc@ury=\dimen168
Package trimclip Info: Using driver 'tc-xetex.def'.

(c:/texlive/2021/texmf-dist/tex/latex/adjustbox/tc-xetex.def
File: tc-xetex.def 2019/01/04 v2.2 Clipping driver for xetex
))
\adjbox@Width=\dimen169
\adjbox@Height=\dimen170
\adjbox@Depth=\dimen171
\adjbox@Totalheight=\dimen172
\adjbox@pwidth=\dimen173
\adjbox@pheight=\dimen174
\adjbox@pdepth=\dimen175
\adjbox@ptotalheight=\dimen176
)
(c:/texlive/2021/texmf-dist/tex/latex/csquotes/csquotes.sty
Package: csquotes 2021-02-22 v5.2l context-sensitive quotations (JAW)
\csq@reset=\count400
\csq@gtype=\count401
\csq@glevel=\count402
\csq@qlevel=\count403
\csq@maxlvl=\count404
\csq@tshold=\count405
\csq@ltx@everypar=\toks22

(c:/texlive/2021/texmf-dist/tex/latex/csquotes/csquotes.def
File: csquotes.def 2021-02-22 v5.2l csquotes generic definitions (JAW)
)
Package csquotes Info: Trying to load configuration file 'csquotes.cfg'...
Package csquotes Info: ... configuration file loaded successfully.

(c:/texlive/2021/texmf-dist/tex/latex/csquotes/csquotes.cfg
File: csquotes.cfg 
)
Package csquotes Info: Enabling multilingual quotes.
Package csquotes Info: Redefining alias 'english' -> 'english/american'.
)
Package csquotes Info: Allocating character ".
)
Package csquotes Info: Checking for multilingual support...
Package csquotes Info: ... found 'babel' package.

(c:/texlive/2021/texmf-dist/tex/latex/l3backend/l3backend-xetex.def
File: l3backend-xetex.def 2021-05-07 L3 backend support: XeTeX

(|extractbb --version)
\c__kernel_sys_dvipdfmx_version_int=\count406
\l__color_backend_stack_int=\count407
\g__color_backend_stack_int=\count408
\g__graphics_track_int=\count409
\l__pdf_internal_box=\box99
\g__pdf_backend_object_int=\count410
\g__pdf_backend_annotation_int=\count411
\g__pdf_backend_link_int=\count412
) (./Resume.aux)
\openout1 = `Resume.aux'.

LaTeX Font Info:    Checking defaults for OML/cmm/m/it on input line 20.
LaTeX Font Info:    ... okay on input line 20.
LaTeX Font Info:    Checking defaults for OMS/cmsy/m/n on input line 20.
LaTeX Font Info:    ... okay on input line 20.
LaTeX Font Info:    Checking defaults for OT1/cmr/m/n on input line 20.
LaTeX Font Info:    ... okay on input line 20.
LaTeX Font Info:    Checking defaults for T1/cmr/m/n on input line 20.
LaTeX Font Info:    ... okay on input line 20.
LaTeX Font Info:    Checking defaults for TS1/cmr/m/n on input line 20.
LaTeX Font Info:    Trying to load font information for TS1+cmr on input line 2
0.

(c:/texlive/2021/texmf-dist/tex/latex/base/ts1cmr.fd
File: ts1cmr.fd 2019/12/16 v2.5j Standard LaTeX font definitions
)
LaTeX Font Info:    ... okay on input line 20.
LaTeX Font Info:    Checking defaults for TU/lmr/m/n on input line 20.
LaTeX Font Info:    ... okay on input line 20.
LaTeX Font Info:    Checking defaults for OMX/cmex/m/n on input line 20.
LaTeX Font Info:    ... okay on input line 20.
LaTeX Font Info:    Checking defaults for U/cmr/m/n on input line 20.
LaTeX Font Info:    ... okay on input line 20.
Package biblatex Info: Trying to load language 'english'...
Package biblatex Info: ... file 'english.lbx' found.

(c:/texlive/2021/texmf-dist/tex/latex/biblatex/lbx/english.lbx
File: english.lbx 2020/12/31 v3.16 biblatex localization (PK/MW)
)
Package biblatex Info: XeTeX detected.
(biblatex)             Assuming input encoding 'utf8'.
Package biblatex Info: Automatic encoding selection.
(biblatex)             Assuming data encoding 'utf8'.
Package biblatex Info: Document encoding is UTF8 ....

(c:/texlive/2021/texmf-dist/tex/latex/l3kernel/expl3.sty
Package: expl3 2021-06-01 L3 programming layer (loader) 
)
Package biblatex Info: ... and expl3
(biblatex)             2021-06-01 L3 programming layer (loader) 
(biblatex)             is new enough (at least 2020/04/06),
(biblatex)             setting 'casechanger=expl3'.

(c:/texlive/2021/texmf-dist/tex/latex/biblatex/blx-case-expl3.sty
(c:/texlive/2021/texmf-dist/tex/latex/l3packages/xparse/xparse.sty
Package: xparse 2021-06-01 L3 Experimental document command parser
)
Package: blx-case-expl3 2020/12/31 v3.16 expl3 case changing code for biblatex
)
\openout3 = `Resume.bcf'.

Package biblatex Info: Trying to load bibliographic data...
Package biblatex Info: ... file 'Resume.bbl' not found.

No file Resume.bbl.
Package biblatex Info: Reference section=0 on input line 20.
Package biblatex Info: Reference segment=0 on input line 20.
*geometry* driver: auto-detecting
*geometry* detected driver: xetex
*geometry* verbose mode - [ preamble ] result:
* driver: xetex
* paper: letterpaper
* layout: <same size as paper>
* layoutoffset:(h,v)=(0.0pt,0.0pt)
* modes: 
* h-part:(L,W,R)=(28.45274pt, 557.38951pt, 28.45274pt)
* v-part:(T,H,B)=(28.45274pt, 738.0645pt, 28.45274pt)
* \paperwidth=614.295pt
* \paperheight=794.96999pt
* \textwidth=557.38951pt
* \textheight=738.0645pt
* \oddsidemargin=-43.81725pt
* \evensidemargin=-43.81725pt
* \topmargin=-80.81725pt
* \headheight=12.0pt
* \headsep=25.0pt
* \topskip=11.0pt
* \footskip=30.0pt
* \marginparwidth=59.0pt
* \marginparsep=10.0pt
* \columnsep=10.0pt
* \skip\footins=10.0pt plus 4.0pt minus 2.0pt
* \hoffset=0.0pt
* \voffset=0.0pt
* \mag=1000
* \@twocolumnfalse
* \@twosidefalse
* \@mparswitchfalse
* \@reversemarginfalse
* (1in=72.27pt=25.4mm, 1cm=28.453pt)

Package lastpage Info: Please have a look at the pageslts package at
(lastpage)             https://www.ctan.org/pkg/pageslts
(lastpage)             ! on input line 20.
Package csquotes Info: Making character " active on input line 20.
(./sections/education.tex
LaTeX Font Info:    External font `cmex10' loaded for size
(Font)              <10.95> on input line 13.
LaTeX Font Info:    External font `cmex10' loaded for size
(Font)              <8> on input line 13.
LaTeX Font Info:    External font `cmex10' loaded for size
(Font)              <6> on input line 13.
) (./sections/skills.tex
LaTeX Font Info:    External font `cmex10' loaded for size
(Font)              <7> on input line 7.
LaTeX Font Info:    External font `cmex10' loaded for size
(Font)              <5> on input line 7.
) (./sections/projects.tex
Overfull \hbox (5.5499pt too wide) in paragraph at lines 16--16
[][] 
 []


Overfull \hbox (5.5499pt too wide) in paragraph at lines 24--24
[][] 
 []


Overfull \hbox (5.5499pt too wide) in paragraph at lines 33--33
[][] 
 []


Overfull \hbox (5.96808pt too wide) in paragraph at lines 44--44
[][] 
 []


Overfull \hbox (5.96808pt too wide) in paragraph at lines 52--52
[][] 
 []


Overfull \hbox (6.28752pt too wide) in alignment at lines 60--60
[] []
 []


Overfull \hbox (5.96808pt too wide) in paragraph at lines 60--60
[][] 
 []

) (./sections/experience.tex) (./sections/awards.tex)

AED: lastpage setting LastPage
[1

] (./Resume.aux)
Package logreq Info: Writing requests to 'Resume.run.xml'.
\openout1 = `Resume.run.xml'.

 ) 
Here is how much of TeX's memory you used:
 13008 strings out of 477676
 231611 string characters out of 5838345
 1053265 words of memory out of 5000000
 33234 multiletter control sequences out of 15000+600000
 406241 words of font info for 45 fonts, out of 8000000 for 9000
 430 hyphenation exceptions out of 8191
 72i,11n,80p,1048b,3762s stack positions out of 5000i,500n,10000p,200000b,80000s

Output written on Resume.pdf (1 page).
